2020-09-16 16:36:15,892 Hello! This is Joey-NMT.
2020-09-16 16:36:18,142 Total params: 105088
2020-09-16 16:36:18,143 Trainable parameters: ['decoder.att_vector_layer.bias', 'decoder.att_vector_layer.weight', 'decoder.attention.key_layer.weight', 'decoder.output_layer.weight', 'decoder.rnn.bias_hh_l0', 'decoder.rnn.bias_ih_l0', 'decoder.rnn.weight_hh_l0', 'decoder.rnn.weight_ih_l0', 'encoder.rnn.bias_hh_l0', 'encoder.rnn.bias_hh_l0_reverse', 'encoder.rnn.bias_ih_l0', 'encoder.rnn.bias_ih_l0_reverse', 'encoder.rnn.weight_hh_l0', 'encoder.rnn.weight_hh_l0_reverse', 'encoder.rnn.weight_ih_l0', 'encoder.rnn.weight_ih_l0_reverse', 'src_embed.lut.weight', 'trg_embed.lut.weight']
2020-09-16 16:36:18,144 cfg.name                           : reverse_experiment
2020-09-16 16:36:18,144 cfg.data.src                       : src
2020-09-16 16:36:18,144 cfg.data.trg                       : trg
2020-09-16 16:36:18,145 cfg.data.train                     : test/data/reverse/train
2020-09-16 16:36:18,145 cfg.data.dev                       : test/data/reverse/dev
2020-09-16 16:36:18,145 cfg.data.test                      : test/data/reverse/test
2020-09-16 16:36:18,145 cfg.data.level                     : word
2020-09-16 16:36:18,145 cfg.data.lowercase                 : False
2020-09-16 16:36:18,145 cfg.data.max_sent_length           : 25
2020-09-16 16:36:18,145 cfg.data.src_voc_min_freq          : 0
2020-09-16 16:36:18,145 cfg.data.src_voc_limit             : 100
2020-09-16 16:36:18,145 cfg.data.trg_voc_min_freq          : 0
2020-09-16 16:36:18,145 cfg.data.trg_voc_limit             : 100
2020-09-16 16:36:18,146 cfg.testing.beam_size              : 1
2020-09-16 16:36:18,146 cfg.testing.alpha                  : 1.0
2020-09-16 16:36:18,146 cfg.training.random_seed           : 42
2020-09-16 16:36:18,146 cfg.training.optimizer             : adam
2020-09-16 16:36:18,146 cfg.training.learning_rate         : 0.001
2020-09-16 16:36:18,146 cfg.training.learning_rate_min     : 0.0002
2020-09-16 16:36:18,146 cfg.training.weight_decay          : 0.0
2020-09-16 16:36:18,146 cfg.training.clip_grad_norm        : 1.0
2020-09-16 16:36:18,147 cfg.training.batch_size            : 10
2020-09-16 16:36:18,147 cfg.training.batch_type            : sentence
2020-09-16 16:36:18,147 cfg.training.scheduling            : plateau
2020-09-16 16:36:18,147 cfg.training.patience              : 5
2020-09-16 16:36:18,147 cfg.training.decrease_factor       : 0.5
2020-09-16 16:36:18,147 cfg.training.early_stopping_metric : eval_metric
2020-09-16 16:36:18,147 cfg.training.epochs                : 1
2020-09-16 16:36:18,147 cfg.training.validation_freq       : 1000
2020-09-16 16:36:18,147 cfg.training.logging_freq          : 100
2020-09-16 16:36:18,147 cfg.training.eval_metric           : bleu
2020-09-16 16:36:18,148 cfg.training.model_dir             : reverse_model
2020-09-16 16:36:18,148 cfg.training.overwrite             : True
2020-09-16 16:36:18,148 cfg.training.shuffle               : True
2020-09-16 16:36:18,148 cfg.training.use_cuda              : False
2020-09-16 16:36:18,148 cfg.training.max_output_length     : 30
2020-09-16 16:36:18,148 cfg.training.print_valid_sents     : [0, 3, 6]
2020-09-16 16:36:18,148 cfg.training.keep_last_ckpts       : 2
2020-09-16 16:36:18,148 cfg.model.initializer              : xavier
2020-09-16 16:36:18,148 cfg.model.embed_initializer        : normal
2020-09-16 16:36:18,149 cfg.model.embed_init_weight        : 0.1
2020-09-16 16:36:18,149 cfg.model.bias_initializer         : zeros
2020-09-16 16:36:18,149 cfg.model.init_rnn_orthogonal      : False
2020-09-16 16:36:18,149 cfg.model.lstm_forget_gate         : 0.0
2020-09-16 16:36:18,149 cfg.model.encoder.rnn_type         : lstm
2020-09-16 16:36:18,149 cfg.model.encoder.embeddings.embedding_dim : 16
2020-09-16 16:36:18,149 cfg.model.encoder.embeddings.scale : False
2020-09-16 16:36:18,149 cfg.model.encoder.hidden_size      : 64
2020-09-16 16:36:18,149 cfg.model.encoder.bidirectional    : True
2020-09-16 16:36:18,150 cfg.model.encoder.dropout          : 0.1
2020-09-16 16:36:18,150 cfg.model.encoder.num_layers       : 1
2020-09-16 16:36:18,150 cfg.model.decoder.rnn_type         : lstm
2020-09-16 16:36:18,150 cfg.model.decoder.embeddings.embedding_dim : 16
2020-09-16 16:36:18,150 cfg.model.decoder.embeddings.scale : False
2020-09-16 16:36:18,150 cfg.model.decoder.hidden_size      : 64
2020-09-16 16:36:18,150 cfg.model.decoder.dropout          : 0.1
2020-09-16 16:36:18,150 cfg.model.decoder.hidden_dropout   : 0.1
2020-09-16 16:36:18,150 cfg.model.decoder.num_layers       : 1
2020-09-16 16:36:18,151 cfg.model.decoder.input_feeding    : True
2020-09-16 16:36:18,151 cfg.model.decoder.init_hidden      : zero
2020-09-16 16:36:18,151 cfg.model.decoder.attention        : luong
2020-09-16 16:36:18,151 Data set sizes: 
	train 50000,
	valid 1000,
	test 1000
2020-09-16 16:36:18,151 First training example:
	[SRC] 28 14 42 7 20 38 18
	[TRG] 18 38 20 7 42 14 28
2020-09-16 16:36:18,151 First 10 words (src): (0) <unk> (1) <pad> (2) <s> (3) </s> (4) 15 (5) 35 (6) 44 (7) 18 (8) 36 (9) 16
2020-09-16 16:36:18,151 First 10 words (trg): (0) <unk> (1) <pad> (2) <s> (3) </s> (4) 15 (5) 35 (6) 44 (7) 18 (8) 36 (9) 16
2020-09-16 16:36:18,152 Number of Src words (types): 54
2020-09-16 16:36:18,152 Number of Trg words (types): 54
2020-09-16 16:36:18,152 Model(
	encoder=RecurrentEncoder(LSTM(16, 64, batch_first=True, bidirectional=True)),
	decoder=RecurrentDecoder(rnn=LSTM(80, 64, batch_first=True), attention=LuongAttention),
	src_embed=Embeddings(embedding_dim=16, vocab_size=54),
	trg_embed=Embeddings(embedding_dim=16, vocab_size=54))
2020-09-16 16:37:18,038 EPOCH 1
